2025-12-07 21:00:43,387 - INFO - Logging initialize successfully
2025-12-07 21:00:43,522 - INFO - Loaded 29000 rows for split='train'.
2025-12-07 21:00:44,864 - INFO - Built 29000 samples from annotaions
2025-12-07 21:00:44,865 - INFO - Total samples: 29000
2025-12-07 21:03:51,037 - INFO - Logging initialize successfully
2025-12-07 21:03:51,172 - INFO - Loaded 29000 rows for split='train'.
2025-12-07 21:03:52,497 - INFO - Built 29000 samples from annotaions
2025-12-07 21:03:52,498 - INFO - Total samples: 29000
2025-12-07 21:04:50,218 - INFO - Logging initialize successfully
2025-12-07 21:04:50,338 - INFO - Loaded 29000 rows for split='train'.
2025-12-07 21:04:51,637 - INFO - Built 29000 samples from annotaions
2025-12-07 21:04:51,639 - INFO - Total samples: 29000
2025-12-08 12:40:20,696 - INFO - Logging initialize successfully
2025-12-08 12:40:20,928 - INFO - Loaded 29000 rows for split='train'.
2025-12-08 12:40:23,343 - INFO - Built 29000 samples from annotaions
2025-12-08 12:40:23,349 - INFO - Total samples: 29000
2025-12-08 12:40:43,724 - INFO - Logging initialize successfully
2025-12-08 12:40:43,924 - INFO - Loaded 29000 rows for split='train'.
2025-12-08 12:40:45,952 - INFO - Built 29000 samples from annotaions
2025-12-08 12:40:45,952 - INFO - Total samples: 29000
2025-12-08 12:57:57,493 - INFO - Logging initialize successfully
2025-12-08 12:57:57,722 - INFO - Loaded 29000 rows for split='train'.
2025-12-08 12:57:59,880 - INFO - Built 29000 samples from annotaions
2025-12-08 12:57:59,880 - INFO - Total samples: 29000
2025-12-08 12:58:31,813 - INFO - Logging initialize successfully
2025-12-08 12:58:32,009 - INFO - Loaded 29000 rows for split='train'.
2025-12-08 12:58:33,580 - INFO - Built 29000 samples from annotaions
2025-12-08 12:58:33,580 - INFO - Total samples: 29000
2025-12-08 12:59:02,916 - INFO - Logging initialize successfully
2025-12-08 12:59:03,118 - INFO - Loaded 29000 rows for split='train'.
2025-12-08 12:59:04,940 - INFO - Built 29000 samples from annotaions
2025-12-08 12:59:04,940 - INFO - Total samples: 29000
2025-12-08 13:00:27,376 - INFO - Logging initialize successfully
2025-12-08 13:00:27,582 - INFO - Loaded 29000 rows for split='train'.
2025-12-08 13:00:29,266 - INFO - Built 29000 samples from annotaions
2025-12-08 13:00:29,266 - INFO - Total samples: 29000
2025-12-08 13:00:45,144 - INFO - Logging initialize successfully
2025-12-08 13:00:45,366 - INFO - Loaded 29000 rows for split='train'.
2025-12-08 13:00:47,346 - INFO - Built 29000 samples from annotaions
2025-12-08 13:00:47,346 - INFO - Total samples: 29000
2025-12-08 13:03:33,287 - INFO - Logging initialize successfully
2025-12-08 13:03:33,505 - INFO - Loaded 29000 rows for split='train'.
2025-12-08 13:03:35,705 - INFO - Built 29000 samples from annotaions
2025-12-08 13:03:35,712 - INFO - Total samples: 29000
2025-12-08 14:03:23,882 - INFO - Logging initialize successfully
2025-12-08 14:03:24,024 - INFO - Loaded 29000 rows for split='train'.
2025-12-08 14:03:25,572 - INFO - Built 29000 samples from annotaions
2025-12-08 14:03:25,572 - INFO - Total samples: 29000
2025-12-08 14:04:24,621 - INFO - Logging initialize successfully
2025-12-08 14:04:24,813 - INFO - Loaded 29000 rows for split='train'.
2025-12-08 14:04:26,879 - INFO - Built 29000 samples from annotaions
2025-12-08 14:04:26,879 - INFO - Total samples: 29000
2025-12-08 14:06:13,308 - INFO - Logging initialize successfully
2025-12-08 14:06:13,444 - INFO - Loaded 29000 rows for split='train'.
2025-12-08 14:06:15,034 - INFO - Built 29000 samples from annotaions
2025-12-08 14:06:15,034 - INFO - Total samples: 29000
2025-12-08 14:08:06,507 - INFO - Logging initialize successfully
2025-12-08 14:08:06,721 - INFO - Loaded 29000 rows for split='train'.
2025-12-08 14:08:08,769 - INFO - Built 29000 samples from annotaions
2025-12-08 14:08:08,769 - INFO - Total samples: 29000
2025-12-08 14:08:46,488 - INFO - Logging initialize successfully
2025-12-08 14:08:46,687 - INFO - Loaded 29000 rows for split='train'.
2025-12-08 14:08:49,019 - INFO - Built 29000 samples from annotaions
2025-12-08 14:08:49,025 - INFO - Total samples: 29000
2025-12-08 14:10:03,485 - INFO - Logging initialize successfully
2025-12-08 14:10:03,695 - INFO - Loaded 29000 rows for split='train'.
2025-12-08 14:10:05,465 - INFO - Built 29000 samples from annotaions
2025-12-08 14:10:05,465 - INFO - Total samples: 29000
2025-12-08 14:10:53,535 - INFO - Logging initialize successfully
2025-12-08 14:10:53,744 - INFO - Loaded 29000 rows for split='train'.
2025-12-08 14:10:55,346 - INFO - Built 29000 samples from annotaions
2025-12-08 14:10:55,346 - INFO - Total samples: 29000
2025-12-08 14:12:18,991 - INFO - Logging initialize successfully
2025-12-08 14:12:19,223 - INFO - Loaded 29000 rows for split='train'.
2025-12-08 14:12:21,683 - INFO - Built 29000 samples from annotaions
2025-12-08 14:12:21,683 - INFO - Total samples: 29000
2025-12-08 14:20:35,771 - INFO - Logging initialize successfully
2025-12-08 14:20:36,004 - INFO - Loaded 29000 rows for split='train'.
2025-12-08 14:20:38,388 - INFO - Built 29000 samples from annotaions
2025-12-08 14:20:38,388 - INFO - Total samples: 29000
2025-12-08 14:22:10,097 - INFO - Logging initialize successfully
2025-12-08 14:22:10,317 - INFO - Loaded 29000 rows for split='train'.
2025-12-08 14:22:12,671 - INFO - Built 29000 samples from annotaions
2025-12-08 14:22:12,671 - INFO - Total samples: 29000
2025-12-08 14:25:48,144 - INFO - Logging initialize successfully
2025-12-08 14:25:48,360 - INFO - Loaded 29000 rows for split='train'.
2025-12-08 14:25:50,967 - INFO - Built 29000 samples from annotaions
2025-12-08 14:25:50,967 - INFO - Total samples: 29000
2025-12-08 14:34:33,027 - INFO - Logging initialize successfully
2025-12-08 14:34:33,251 - INFO - Loaded 29000 rows for split='train'.
2025-12-08 14:34:35,757 - INFO - Built 29000 samples from annotaions
2025-12-08 14:34:35,761 - INFO - Total samples: 29000
2025-12-08 14:35:07,901 - INFO - Logging initialize successfully
2025-12-08 14:35:08,121 - INFO - Loaded 29000 rows for split='train'.
2025-12-08 14:35:10,496 - INFO - Built 29000 samples from annotaions
2025-12-08 14:35:10,496 - INFO - Total samples: 29000
2025-12-08 14:36:31,954 - INFO - Logging initialize successfully
2025-12-08 14:36:32,178 - INFO - Loaded 29000 rows for split='train'.
2025-12-08 14:36:34,612 - INFO - Built 29000 samples from annotaions
2025-12-08 14:36:34,613 - INFO - Total samples: 29000
2025-12-08 14:38:25,806 - INFO - Logging initialize successfully
2025-12-08 14:38:26,021 - INFO - Loaded 29000 rows for split='train'.
2025-12-08 14:38:28,446 - INFO - Built 29000 samples from annotaions
2025-12-08 14:38:28,448 - INFO - Total samples: 29000
2025-12-08 14:40:02,087 - INFO - Logging initialize successfully
2025-12-08 14:40:02,303 - INFO - Loaded 29000 rows for split='train'.
2025-12-08 14:40:04,784 - INFO - Built 29000 samples from annotaions
2025-12-08 14:40:04,784 - INFO - Total samples: 29000
2025-12-08 14:47:33,387 - INFO - Logging initialize successfully
2025-12-08 14:47:33,625 - INFO - Loaded 29000 rows for split='train'.
2025-12-08 14:47:36,124 - INFO - Built 29000 samples from annotaions
2025-12-08 14:47:36,124 - INFO - Total samples: 29000
2025-12-08 14:48:55,038 - INFO - Logging initialize successfully
2025-12-08 14:48:55,276 - INFO - Loaded 29000 rows for split='train'.
2025-12-08 14:48:57,718 - INFO - Built 29000 samples from annotaions
2025-12-08 14:48:57,718 - INFO - Total samples: 29000
2025-12-08 14:48:57,881 - INFO - Built 29000 samples for story 
2025-12-08 14:49:06,881 - INFO - Logging initialize successfully
2025-12-08 14:49:07,091 - INFO - Loaded 29000 rows for split='train'.
2025-12-08 14:49:09,475 - INFO - Built 29000 samples from annotaions
2025-12-08 14:49:09,475 - INFO - Total samples: 29000
2025-12-08 14:49:09,634 - INFO - Built 29000 samples for story 
2025-12-08 14:49:17,233 - INFO - Logging initialize successfully
2025-12-08 14:49:17,518 - INFO - Loaded 29000 rows for split='train'.
2025-12-08 14:49:19,907 - INFO - Built 29000 samples from annotaions
2025-12-08 14:49:19,907 - INFO - Total samples: 29000
2025-12-08 14:49:20,062 - INFO - Built 29000 samples for story 
2025-12-08 14:50:28,757 - INFO - Logging initialize successfully
2025-12-08 14:50:28,986 - INFO - Loaded 29000 rows for split='train'.
2025-12-08 14:50:31,428 - INFO - Built 29000 samples from annotaions
2025-12-08 14:50:31,430 - INFO - Total samples: 29000
2025-12-08 14:50:31,623 - INFO - Built 29000 samples for story 
2025-12-08 14:51:27,027 - INFO - Logging initialize successfully
2025-12-08 14:51:27,249 - INFO - Loaded 29000 rows for split='train'.
2025-12-08 14:51:29,605 - INFO - Built 29000 samples from annotaions
2025-12-08 14:51:29,606 - INFO - Total samples: 29000
2025-12-08 14:51:29,749 - INFO - Built 29000 samples for story 
2025-12-08 15:04:51,266 - INFO - Logging initialize successfully
2025-12-08 15:04:51,396 - INFO - Loaded 29000 rows for split='train'.
2025-12-08 15:04:52,678 - INFO - Built 29000 samples from annotaions
2025-12-08 15:04:52,688 - INFO - Total samples: 29000
2025-12-08 15:04:52,765 - INFO - Built 29000 samples for story 
2025-12-08 15:05:02,790 - INFO - Logging initialize successfully
2025-12-08 15:05:02,920 - INFO - Loaded 29000 rows for split='train'.
2025-12-08 15:05:04,187 - INFO - Built 29000 samples from annotaions
2025-12-08 15:05:04,187 - INFO - Total samples: 29000
2025-12-08 15:05:04,260 - INFO - Built 29000 samples for story 
2025-12-08 15:06:15,073 - INFO - Logging initialize successfully
2025-12-08 15:06:15,207 - INFO - Loaded 29000 rows for split='train'.
2025-12-08 15:06:16,467 - INFO - Built 29000 samples from annotaions
2025-12-08 15:06:16,467 - INFO - Total samples: 29000
2025-12-08 15:06:16,562 - INFO - Built 29000 samples for story 
2025-12-08 15:16:40,263 - INFO - Logging initialize successfully
2025-12-08 15:16:40,384 - INFO - Loaded 29000 rows for split='train'.
2025-12-08 15:16:41,701 - INFO - Built 29000 samples from annotaions
2025-12-08 15:16:41,701 - INFO - Total samples: 29000
2025-12-08 15:16:41,784 - INFO - Built 29000 samples for story 
2025-12-08 15:16:59,301 - INFO - Logging initialize successfully
2025-12-08 15:16:59,425 - INFO - Loaded 29000 rows for split='train'.
2025-12-08 15:17:00,725 - INFO - Built 29000 samples from annotaions
2025-12-08 15:17:00,725 - INFO - Total samples: 29000
2025-12-08 15:17:00,814 - INFO - Built 29000 samples for story 
2025-12-08 15:18:10,755 - INFO - Logging initialize successfully
2025-12-08 15:18:10,892 - INFO - Loaded 29000 rows for split='train'.
2025-12-08 15:18:12,172 - INFO - Built 29000 samples from annotaions
2025-12-08 15:18:12,172 - INFO - Total samples: 29000
2025-12-08 15:18:12,260 - INFO - Built 29000 samples for story 
2025-12-08 15:27:27,312 - INFO - Logging initialize successfully
2025-12-08 15:28:26,896 - INFO - Logging initialize successfully
2025-12-08 15:28:27,018 - INFO - Loaded 29000 rows for split='train'.
2025-12-08 15:28:28,307 - INFO - Built 29000 samples from annotaions
2025-12-08 15:28:28,307 - INFO - Total samples: 29000
2025-12-08 15:28:28,400 - INFO - Built 29000 samples for story 
2025-12-08 15:32:14,314 - INFO - Logging initialize successfully
2025-12-08 15:32:14,435 - INFO - Loaded 29000 rows for split='train'.
2025-12-08 15:32:15,751 - INFO - Built 29000 samples from annotaions
2025-12-08 15:32:15,751 - INFO - Total samples: 29000
2025-12-08 15:32:15,826 - INFO - Built 29000 samples for story 
2025-12-08 15:37:15,215 - INFO - Logging initialize successfully
2025-12-08 15:37:15,356 - INFO - Loaded 29000 rows for split='train'.
2025-12-08 15:37:16,640 - INFO - Built 29000 samples from annotaions
2025-12-08 15:37:16,656 - INFO - Total samples: 29000
2025-12-08 15:37:16,738 - INFO - Built 29000 samples for story 
2025-12-08 15:37:17,187 - INFO - Cleaned data saved to data/processed\stories_train.jsonl
2025-12-08 15:38:45,152 - INFO - Logging initialize successfully
2025-12-08 15:38:45,272 - INFO - Loaded 29000 rows for split='train'.
2025-12-08 15:38:46,595 - INFO - Built 29000 samples from annotaions
2025-12-08 15:38:46,596 - INFO - Total samples: 29000
2025-12-08 15:38:46,676 - INFO - Built 29000 samples for story 
2025-12-08 15:38:47,059 - INFO - Cleaned data saved to data/processed\stories_train.jsonl
2025-12-08 15:39:58,266 - INFO - Logging initialize successfully
2025-12-08 15:39:58,404 - INFO - Loaded 29000 rows for split='train'.
2025-12-08 15:39:59,732 - INFO - Built 29000 samples from annotaions
2025-12-08 15:39:59,734 - INFO - Total samples: 29000
2025-12-08 15:39:59,820 - INFO - Built 29000 samples for story 
2025-12-08 15:40:14,267 - INFO - Logging initialize successfully
2025-12-08 15:40:14,402 - INFO - Loaded 29000 rows for split='train'.
2025-12-08 15:40:15,727 - INFO - Built 29000 samples from annotaions
2025-12-08 15:40:15,727 - INFO - Total samples: 29000
2025-12-08 15:40:15,819 - INFO - Built 29000 samples for story 
2025-12-08 15:40:15,966 - INFO - Cleaned data saved to data/processed\stories_train.jsonl
2025-12-08 17:18:21,274 - INFO - Logging initialize successfully
2025-12-08 17:18:21,417 - INFO - Loaded 1000 rows for split='test'.
2025-12-08 17:18:21,475 - INFO - Built 1000 samples from annotaions
2025-12-08 17:18:21,475 - INFO - Total samples: 1000
2025-12-08 17:18:21,478 - INFO - Built 1000 samples for story 
2025-12-08 17:18:21,478 - INFO - Cleaned data saved to data/processed\stories_test.jsonl
